[31-Oct-2025 11:59:49 UTC] CustomAuction: [2025-10-31 11:59:49] [INFO] Cron processed ended auctions {"count":0}

[31-Oct-2025 12:00:49 UTC] CustomAuction: [2025-10-31 12:00:49] [INFO] Auction ended with winner {"auction_id":353,"user_id":"1","amount":"210.0000"}

[31-Oct-2025 12:00:49 UTC] CustomAuction: [2025-10-31 12:00:49] [INFO] Offers initialized {"auction_id":353,"user_id":1,"amount":210}

[31-Oct-2025 12:00:49 UTC] CustomAuction: [2025-10-31 12:00:49] [INFO] Cron processed ended auctions {"count":1}

[31-Oct-2025 12:01:51 UTC] CustomAuction: [2025-10-31 12:01:51] [INFO] Cron processed ended auctions {"count":0}

[31-Oct-2025 12:02:52 UTC] CustomAuction: [2025-10-31 12:02:52] [INFO] Cron processed ended auctions {"count":0}

[31-Oct-2025 12:03:31 UTC] CustomAuction: [2025-10-31 12:03:31] [DEBUG] Auction status (render) {"auction_id":353,"start":"2025-10-31 17:28","start_ts":1761931680,"end":"2025-10-31 17:30","end_ts":1761931800,"now_ts":1761932011,"active":false}

[31-Oct-2025 12:03:48 UTC] CustomAuction: [2025-10-31 12:03:48] [INFO] Cron processed ended auctions {"count":0}

[31-Oct-2025 12:04:49 UTC] CustomAuction: [2025-10-31 12:04:49] [INFO] Cron processed ended auctions {"count":0}

[31-Oct-2025 12:05:14 UTC] CustomAuction: [2025-10-31 12:05:14] [DEBUG] Auction status (render) {"auction_id":353,"start":"2025-10-31 17:28","start_ts":1761931680,"end":"2025-10-31 17:30","end_ts":1761931800,"now_ts":1761932114,"active":false}

[31-Oct-2025 12:05:50 UTC] CustomAuction: [2025-10-31 12:05:50] [INFO] Cron processed ended auctions {"count":0}

[31-Oct-2025 12:06:51 UTC] CustomAuction: [2025-10-31 12:06:51] [INFO] Cron processed ended auctions {"count":0}

[31-Oct-2025 12:07:50 UTC] CustomAuction: [2025-10-31 12:07:50] [INFO] Cron processed ended auctions {"count":0}

[31-Oct-2025 12:09:00 UTC] CustomAuction: [2025-10-31 12:09:00] [INFO] Cron processed ended auctions {"count":0}

[31-Oct-2025 12:09:53 UTC] CustomAuction: [2025-10-31 12:09:53] [INFO] Cron processed ended auctions {"count":0}

[31-Oct-2025 12:11:06 UTC] CustomAuction: [2025-10-31 12:11:06] [INFO] Cron processed ended auctions {"count":0}

[31-Oct-2025 12:12:06 UTC] CustomAuction: [2025-10-31 12:12:06] [INFO] Cron processed ended auctions {"count":0}

[31-Oct-2025 12:13:17 UTC] CustomAuction: [2025-10-31 12:13:17] [INFO] Cron processed ended auctions {"count":0}

[31-Oct-2025 12:14:14 UTC] CustomAuction: [2025-10-31 12:14:14] [INFO] Cron processed ended auctions {"count":0}

[31-Oct-2025 12:16:15 UTC] CustomAuction: [2025-10-31 12:16:15] [INFO] Cron processed ended auctions {"count":0}

[31-Oct-2025 12:17:48 UTC] CustomAuction: [2025-10-31 12:17:48] [INFO] Cron processed ended auctions {"count":0}

[31-Oct-2025 12:19:07 UTC] CustomAuction: [2025-10-31 12:19:07] [INFO] Cron processed ended auctions {"count":0}

[31-Oct-2025 12:19:54 UTC] CustomAuction: [2025-10-31 12:19:54] [INFO] Cron processed ended auctions {"count":0}

[31-Oct-2025 12:21:11 UTC] CustomAuction: [2025-10-31 12:21:11] [INFO] Cron processed ended auctions {"count":0}

[31-Oct-2025 12:21:57 UTC] CustomAuction: [2025-10-31 12:21:57] [INFO] Cron processed ended auctions {"count":0}

[31-Oct-2025 12:23:02 UTC] CustomAuction: [2025-10-31 12:23:02] [INFO] Cron processed ended auctions {"count":0}

[31-Oct-2025 12:23:50 UTC] CustomAuction: [2025-10-31 12:23:50] [INFO] Cron processed ended auctions {"count":0}

[31-Oct-2025 12:24:51 UTC] CustomAuction: [2025-10-31 12:24:51] [INFO] Cron processed ended auctions {"count":0}

[31-Oct-2025 12:25:53 UTC] CustomAuction: [2025-10-31 12:25:53] [INFO] Cron processed ended auctions {"count":0}

[31-Oct-2025 12:26:57 UTC] CustomAuction: [2025-10-31 12:26:57] [INFO] Cron processed ended auctions {"count":0}

[31-Oct-2025 12:27:55 UTC] CustomAuction: [2025-10-31 12:27:55] [INFO] Cron processed ended auctions {"count":0}

[31-Oct-2025 12:28:50 UTC] CustomAuction: [2025-10-31 12:28:50] [INFO] Cron processed ended auctions {"count":0}

[31-Oct-2025 12:29:50 UTC] CustomAuction: [2025-10-31 12:29:50] [INFO] Cron processed ended auctions {"count":0}

[31-Oct-2025 12:30:50 UTC] CustomAuction: [2025-10-31 12:30:50] [INFO] Cron processed ended auctions {"count":0}

[31-Oct-2025 12:31:52 UTC] CustomAuction: [2025-10-31 12:31:52] [INFO] Cron processed ended auctions {"count":0}

[31-Oct-2025 12:32:50 UTC] CustomAuction: [2025-10-31 12:32:50] [INFO] Cron processed ended auctions {"count":0}

[31-Oct-2025 12:33:51 UTC] CustomAuction: [2025-10-31 12:33:51] [INFO] Cron processed ended auctions {"count":0}

[31-Oct-2025 12:34:49 UTC] CustomAuction: [2025-10-31 12:34:49] [INFO] Cron processed ended auctions {"count":0}

[31-Oct-2025 12:36:06 UTC] CustomAuction: [2025-10-31 12:36:06] [INFO] Cron processed ended auctions {"count":0}

[31-Oct-2025 12:37:05 UTC] CustomAuction: [2025-10-31 12:37:05] [INFO] Cron processed ended auctions {"count":0}

[31-Oct-2025 12:38:05 UTC] CustomAuction: [2025-10-31 12:38:05] [INFO] Cron processed ended auctions {"count":0}

[31-Oct-2025 12:39:05 UTC] CustomAuction: [2025-10-31 12:39:05] [INFO] Cron processed ended auctions {"count":0}

[31-Oct-2025 12:40:05 UTC] CustomAuction: [2025-10-31 12:40:05] [INFO] Cron processed ended auctions {"count":0}

[31-Oct-2025 12:41:05 UTC] CustomAuction: [2025-10-31 12:41:05] [INFO] Cron processed ended auctions {"count":0}

[31-Oct-2025 12:42:05 UTC] CustomAuction: [2025-10-31 12:42:05] [INFO] Cron processed ended auctions {"count":0}

[31-Oct-2025 12:43:05 UTC] CustomAuction: [2025-10-31 12:43:05] [INFO] Cron processed ended auctions {"count":0}

[31-Oct-2025 12:44:05 UTC] CustomAuction: [2025-10-31 12:44:05] [INFO] Cron processed ended auctions {"count":0}

[31-Oct-2025 12:45:05 UTC] CustomAuction: [2025-10-31 12:45:05] [INFO] Cron processed ended auctions {"count":0}

[31-Oct-2025 12:46:05 UTC] CustomAuction: [2025-10-31 12:46:05] [INFO] Cron processed ended auctions {"count":0}

[31-Oct-2025 12:47:02 UTC] CustomAuction: [2025-10-31 12:47:02] [INFO] Cron processed ended auctions {"count":0}

[31-Oct-2025 12:48:04 UTC] CustomAuction: [2025-10-31 12:48:04] [INFO] Cron processed ended auctions {"count":0}

[31-Oct-2025 12:48:50 UTC] CustomAuction: [2025-10-31 12:48:50] [INFO] Cron processed ended auctions {"count":0}

[31-Oct-2025 12:49:50 UTC] CustomAuction: [2025-10-31 12:49:50] [INFO] Cron processed ended auctions {"count":0}

[31-Oct-2025 12:50:50 UTC] CustomAuction: [2025-10-31 12:50:50] [INFO] Cron processed ended auctions {"count":0}

[31-Oct-2025 12:51:50 UTC] CustomAuction: [2025-10-31 12:51:50] [INFO] Cron processed ended auctions {"count":0}

[31-Oct-2025 12:53:06 UTC] CustomAuction: [2025-10-31 12:53:06] [INFO] Cron processed ended auctions {"count":0}

[31-Oct-2025 12:53:50 UTC] CustomAuction: [2025-10-31 12:53:50] [INFO] Cron processed ended auctions {"count":0}

[31-Oct-2025 12:54:50 UTC] CustomAuction: [2025-10-31 12:54:50] [INFO] Cron processed ended auctions {"count":0}

[31-Oct-2025 12:55:49 UTC] CustomAuction: [2025-10-31 12:55:49] [INFO] Cron processed ended auctions {"count":0}

[31-Oct-2025 12:57:06 UTC] CustomAuction: [2025-10-31 12:57:06] [INFO] Cron processed ended auctions {"count":0}

[31-Oct-2025 12:58:06 UTC] CustomAuction: [2025-10-31 12:58:06] [INFO] Cron processed ended auctions {"count":0}

[31-Oct-2025 12:58:50 UTC] CustomAuction: [2025-10-31 12:58:50] [INFO] Cron processed ended auctions {"count":0}

[31-Oct-2025 13:00:00 UTC] CustomAuction: [2025-10-31 13:00:00] [INFO] Cron processed ended auctions {"count":0}

[31-Oct-2025 13:00:51 UTC] CustomAuction: [2025-10-31 13:00:51] [INFO] Cron processed ended auctions {"count":0}

[31-Oct-2025 13:02:27 UTC] CustomAuction: [2025-10-31 13:02:27] [INFO] Cron processed ended auctions {"count":0}

[31-Oct-2025 13:03:13 UTC] CustomAuction: [2025-10-31 13:03:13] [INFO] Cron processed ended auctions {"count":0}

[31-Oct-2025 13:05:13 UTC] CustomAuction: [2025-10-31 13:05:13] [INFO] Cron processed ended auctions {"count":0}

[31-Oct-2025 13:06:07 UTC] CustomAuction: [2025-10-31 13:06:07] [INFO] Cron processed ended auctions {"count":0}

[31-Oct-2025 13:07:14 UTC] CustomAuction: [2025-10-31 13:07:14] [INFO] Cron processed ended auctions {"count":0}

[31-Oct-2025 13:08:01 UTC] CustomAuction: [2025-10-31 13:08:01] [INFO] Cron processed ended auctions {"count":0}

[31-Oct-2025 13:09:03 UTC] CustomAuction: [2025-10-31 13:09:03] [INFO] Cron processed ended auctions {"count":0}

[31-Oct-2025 13:09:50 UTC] CustomAuction: [2025-10-31 13:09:50] [INFO] Cron processed ended auctions {"count":0}

[31-Oct-2025 13:10:58 UTC] CustomAuction: [2025-10-31 13:10:58] [INFO] Cron processed ended auctions {"count":0}

[31-Oct-2025 13:12:08 UTC] CustomAuction: [2025-10-31 13:12:08] [INFO] Cron processed ended auctions {"count":0}

[31-Oct-2025 13:13:11 UTC] CustomAuction: [2025-10-31 13:13:11] [INFO] Cron processed ended auctions {"count":0}

[31-Oct-2025 13:14:05 UTC] CustomAuction: [2025-10-31 13:14:05] [INFO] Cron processed ended auctions {"count":0}

[31-Oct-2025 13:15:14 UTC] CustomAuction: [2025-10-31 13:15:14] [INFO] Cron processed ended auctions {"count":0}

[31-Oct-2025 13:18:28 UTC] CustomAuction: [2025-10-31 13:18:28] [INFO] Cron processed ended auctions {"count":0}

[31-Oct-2025 13:18:55 UTC] CustomAuction: [2025-10-31 13:18:55] [INFO] Cron processed ended auctions {"count":0}

[31-Oct-2025 13:20:33 UTC] CustomAuction: [2025-10-31 13:20:33] [INFO] Cron processed ended auctions {"count":0}

[31-Oct-2025 13:20:50 UTC] CustomAuction: [2025-10-31 13:20:50] [INFO] Cron processed ended auctions {"count":0}

[31-Oct-2025 13:23:05 UTC] CustomAuction: [2025-10-31 13:23:05] [INFO] Cron processed ended auctions {"count":0}

[31-Oct-2025 13:25:17 UTC] CustomAuction: [2025-10-31 13:25:17] [INFO] Cron processed ended auctions {"count":0}

[31-Oct-2025 13:26:24 UTC] CustomAuction: [2025-10-31 13:26:24] [INFO] Cron processed ended auctions {"count":0}

[31-Oct-2025 13:26:55 UTC] CustomAuction: [2025-10-31 13:26:55] [INFO] Cron processed ended auctions {"count":0}

[31-Oct-2025 13:27:56 UTC] CustomAuction: [2025-10-31 13:27:56] [INFO] Cron processed ended auctions {"count":0}

[31-Oct-2025 13:28:58 UTC] CustomAuction: [2025-10-31 13:28:58] [INFO] Cron processed ended auctions {"count":0}

[31-Oct-2025 13:29:50 UTC] CustomAuction: [2025-10-31 13:29:50] [INFO] Cron processed ended auctions {"count":0}

[31-Oct-2025 13:30:55 UTC] CustomAuction: [2025-10-31 13:30:55] [INFO] Cron processed ended auctions {"count":0}

[31-Oct-2025 13:31:55 UTC] CustomAuction: [2025-10-31 13:31:55] [INFO] Cron processed ended auctions {"count":0}

[31-Oct-2025 13:32:50 UTC] CustomAuction: [2025-10-31 13:32:50] [INFO] Cron processed ended auctions {"count":0}

[31-Oct-2025 13:33:58 UTC] CustomAuction: [2025-10-31 13:33:58] [INFO] Cron processed ended auctions {"count":0}

[31-Oct-2025 13:34:49 UTC] CustomAuction: [2025-10-31 13:34:49] [INFO] Cron processed ended auctions {"count":0}

[31-Oct-2025 13:35:51 UTC] CustomAuction: [2025-10-31 13:35:51] [INFO] Cron processed ended auctions {"count":0}

[31-Oct-2025 13:36:47 UTC] CustomAuction: [2025-10-31 13:36:47] [INFO] Cron processed ended auctions {"count":0}

[31-Oct-2025 13:37:49 UTC] CustomAuction: [2025-10-31 13:37:49] [INFO] Cron processed ended auctions {"count":0}

[31-Oct-2025 13:39:00 UTC] CustomAuction: [2025-10-31 13:39:00] [INFO] Cron processed ended auctions {"count":0}

[31-Oct-2025 13:39:52 UTC] CustomAuction: [2025-10-31 13:39:52] [INFO] Cron processed ended auctions {"count":0}

[31-Oct-2025 13:41:50 UTC] CustomAuction: [2025-10-31 13:41:50] [INFO] Cron processed ended auctions {"count":0}

[31-Oct-2025 13:43:44 UTC] CustomAuction: [2025-10-31 13:43:44] [INFO] Cron processed ended auctions {"count":0}

[31-Oct-2025 13:43:50 UTC] CustomAuction: [2025-10-31 13:43:50] [INFO] Cron processed ended auctions {"count":0}

[03-Nov-2025 06:14:34 UTC] CustomAuction: [2025-11-03 06:14:34] [INFO] Offer rotated {"auction_id":353,"user_id":1,"amount":110,"ptr":1}

[03-Nov-2025 06:14:34 UTC] CustomAuction: [2025-11-03 06:14:34] [INFO] Offer rotated {"auction_id":341,"user_id":1,"amount":4201,"ptr":1}

[03-Nov-2025 06:14:34 UTC] CustomAuction: [2025-11-03 06:14:34] [INFO] Cron processed ended auctions {"count":0}

[03-Nov-2025 06:14:39 UTC] Automatic updates starting...
[03-Nov-2025 06:14:40 UTC]   Automatic plugin updates starting...
[03-Nov-2025 06:14:40 UTC]   Automatic plugin updates complete.
[03-Nov-2025 06:14:42 UTC]   Automatic theme updates starting...
[03-Nov-2025 06:14:42 UTC]   Automatic theme updates complete.
[03-Nov-2025 06:14:42 UTC] Automatic updates complete.
[03-Nov-2025 06:16:28 UTC] CustomAuction: [2025-11-03 06:16:28] [INFO] Cron processed ended auctions {"count":0}

[03-Nov-2025 06:18:29 UTC] CustomAuction: [2025-11-03 06:18:29] [INFO] Cron processed ended auctions {"count":0}

[03-Nov-2025 06:20:30 UTC] CustomAuction: [2025-11-03 06:20:30] [INFO] Cron processed ended auctions {"count":0}

[03-Nov-2025 06:22:30 UTC] CustomAuction: [2025-11-03 06:22:30] [INFO] Cron processed ended auctions {"count":0}

[03-Nov-2025 06:24:30 UTC] CustomAuction: [2025-11-03 06:24:30] [INFO] Cron processed ended auctions {"count":0}

[03-Nov-2025 06:26:30 UTC] CustomAuction: [2025-11-03 06:26:30] [INFO] Cron processed ended auctions {"count":0}

[03-Nov-2025 06:28:31 UTC] CustomAuction: [2025-11-03 06:28:31] [INFO] Cron processed ended auctions {"count":0}

[03-Nov-2025 06:30:32 UTC] CustomAuction: [2025-11-03 06:30:32] [INFO] Cron processed ended auctions {"count":0}

[03-Nov-2025 06:32:32 UTC] CustomAuction: [2025-11-03 06:32:32] [INFO] Cron processed ended auctions {"count":0}

[03-Nov-2025 06:34:33 UTC] CustomAuction: [2025-11-03 06:34:33] [INFO] Cron processed ended auctions {"count":0}

[03-Nov-2025 06:36:33 UTC] CustomAuction: [2025-11-03 06:36:33] [INFO] Cron processed ended auctions {"count":0}

[03-Nov-2025 06:37:34 UTC] CustomAuction: [2025-11-03 06:37:34] [INFO] Cron processed ended auctions {"count":0}

[03-Nov-2025 06:38:34 UTC] CustomAuction: [2025-11-03 06:38:34] [INFO] Cron processed ended auctions {"count":0}

[03-Nov-2025 06:38:49 UTC] CustomAuction: [2025-11-03 06:38:49] [INFO] Cron processed ended auctions {"count":0}

[03-Nov-2025 06:40:34 UTC] CustomAuction: [2025-11-03 06:40:34] [INFO] Cron processed ended auctions {"count":0}

[03-Nov-2025 06:42:33 UTC] CustomAuction: [2025-11-03 06:42:33] [INFO] Cron processed ended auctions {"count":0}

[03-Nov-2025 06:43:30 UTC] CustomAuction: [2025-11-03 06:43:30] [INFO] Cron processed ended auctions {"count":0}

[03-Nov-2025 06:44:11 UTC] CustomAuction: [2025-11-03 06:44:11] [INFO] Cron processed ended auctions {"count":0}

[03-Nov-2025 06:45:34 UTC] CustomAuction: [2025-11-03 06:45:34] [INFO] Cron processed ended auctions {"count":0}

[03-Nov-2025 06:45:52 UTC] CustomAuction: [2025-11-03 06:45:52] [INFO] Cron processed ended auctions {"count":0}

[03-Nov-2025 06:46:56 UTC] CustomAuction: [2025-11-03 06:46:56] [INFO] Cron processed ended auctions {"count":0}

[03-Nov-2025 06:48:10 UTC] CustomAuction: [2025-11-03 06:48:10] [INFO] Cron processed ended auctions {"count":0}

[03-Nov-2025 06:49:43 UTC] CustomAuction: [2025-11-03 06:49:43] [INFO] Cron processed ended auctions {"count":0}

[03-Nov-2025 06:50:16 UTC] CustomAuction: [2025-11-03 06:50:16] [INFO] Cron processed ended auctions {"count":0}

[03-Nov-2025 06:51:23 UTC] CustomAuction: [2025-11-03 06:51:23] [INFO] Cron processed ended auctions {"count":0}

[03-Nov-2025 06:52:25 UTC] CustomAuction: [2025-11-03 06:52:25] [INFO] Cron processed ended auctions {"count":0}

[03-Nov-2025 06:53:23 UTC] CustomAuction: [2025-11-03 06:53:23] [INFO] Cron processed ended auctions {"count":0}

[03-Nov-2025 06:54:25 UTC] CustomAuction: [2025-11-03 06:54:25] [INFO] Cron processed ended auctions {"count":0}

[03-Nov-2025 06:55:24 UTC] CustomAuction: [2025-11-03 06:55:24] [INFO] Cron processed ended auctions {"count":0}

[03-Nov-2025 06:55:53 UTC] CustomAuction: [2025-11-03 06:55:53] [INFO] Cron processed ended auctions {"count":0}

[03-Nov-2025 06:57:02 UTC] CustomAuction: [2025-11-03 06:57:02] [INFO] Cron processed ended auctions {"count":0}

[03-Nov-2025 06:58:20 UTC] CustomAuction: [2025-11-03 06:58:20] [INFO] Cron processed ended auctions {"count":0}

[03-Nov-2025 07:00:25 UTC] CustomAuction: [2025-11-03 07:00:25] [INFO] Cron processed ended auctions {"count":0}

[03-Nov-2025 07:00:45 UTC] Automatic updates starting...
[03-Nov-2025 07:00:45 UTC]   Automatic plugin updates starting...
[03-Nov-2025 07:00:45 UTC]   Automatic plugin updates complete.
[03-Nov-2025 07:00:45 UTC]   Automatic theme updates starting...
[03-Nov-2025 07:00:45 UTC]   Automatic theme updates complete.
[03-Nov-2025 07:00:45 UTC] Automatic updates complete.
[03-Nov-2025 07:01:07 UTC] CustomAuction: [2025-11-03 07:01:07] [INFO] Cron processed ended auctions {"count":0}

[03-Nov-2025 07:01:47 UTC] CustomAuction: [2025-11-03 07:01:47] [INFO] Cron processed ended auctions {"count":0}

